{"uid":"8376cff4de76ac51","name":"Check \"Premijum oglasi\" Carousel","fullName":"tests.test_ui_home_page.TestUIHomePage#test_carousel_premium_ads","historyId":"8e39517af07d51427e116cdb8da784d3","time":{"start":1709492641304,"stop":1709492650877,"duration":9573},"status":"failed","statusMessage":"AssertionError: List of elements was empty","statusTrace":"self = <test_ui_home_page.TestUIHomePage object at 0x7f190bc92ad0>\nhome_page = <pom.pages.home_page.HomePage object at 0x7f190bc1ccd0>\n\n    @allure.id('8')\n    @allure.title('Check \"Premijum oglasi\" Carousel')\n    def test_carousel_premium_ads(self, home_page: HomePage):\n        home_page.visit()\n>       home_page.check_carousel_premium_ads()\n\ntests/test_ui_home_page.py:83: \n_ _ _ _ _ _ _ _ _ _ _ _ _ _ _ _ _ _ _ _ _ _ _ _ _ _ _ _ _ _ _ _ _ _ _ _ _ _ _ _ \npom/pages/home_page.py:239: in check_carousel_premium_ads\n    self.page.check_carousel_items(carousel_items_xpath=HomePageLocators.CAROUSEL_PREMIUM_ADS_LINKS)\npom/models/page.py:497: in check_carousel_items\n    carousel_items.should().not_be_empty()\n_ _ _ _ _ _ _ _ _ _ _ _ _ _ _ _ _ _ _ _ _ _ _ _ _ _ _ _ _ _ _ _ _ _ _ _ _ _ _ _ \n\nself = <pom.models.elements_should.ElementsShould object at 0x7f190bc1d9c0>\n\n    def not_be_empty(self) -> ElementsInterface:\n        \"\"\"An expectation that the list has at least one element\"\"\"\n        from pom.models.elements import Elements\n    \n        logger.info(\"Elements.should().not_be_empty()\")\n    \n        try:\n            if not self._elements.is_empty():\n                return self._elements\n    \n            locator = self._elements.locator\n            value = self._wait.until(lambda driver: driver.find_elements(*locator))\n        except TimeoutException:\n            value = False\n    \n        if isinstance(value, list):\n            return Elements(self._page, value, self._elements.locator)\n    \n>       raise AssertionError(\"List of elements was empty\")\nE       AssertionError: List of elements was empty\n\npom/models/elements_should.py:67: AssertionError","flaky":false,"newFailed":false,"newBroken":false,"newPassed":false,"retriesCount":1,"retriesStatusChange":false,"beforeStages":[{"name":"ui_config","time":{"start":1709492438550,"stop":1709492438551,"duration":1},"status":"passed","steps":[],"attachments":[],"parameters":[],"shouldDisplayMessage":false,"stepsCount":0,"attachmentsCount":0,"hasContent":false},{"name":"page","time":{"start":1709492640907,"stop":1709492641303,"duration":396},"status":"passed","steps":[],"attachments":[],"parameters":[],"shouldDisplayMessage":false,"stepsCount":0,"attachmentsCount":0,"hasContent":false},{"name":"home_page","time":{"start":1709492641304,"stop":1709492641304,"duration":0},"status":"passed","steps":[],"attachments":[],"parameters":[],"shouldDisplayMessage":false,"stepsCount":0,"attachmentsCount":0,"hasContent":false}],"testStage":{"status":"failed","statusMessage":"AssertionError: List of elements was empty","statusTrace":"self = <test_ui_home_page.TestUIHomePage object at 0x7f190bc92ad0>\nhome_page = <pom.pages.home_page.HomePage object at 0x7f190bc1ccd0>\n\n    @allure.id('8')\n    @allure.title('Check \"Premijum oglasi\" Carousel')\n    def test_carousel_premium_ads(self, home_page: HomePage):\n        home_page.visit()\n>       home_page.check_carousel_premium_ads()\n\ntests/test_ui_home_page.py:83: \n_ _ _ _ _ _ _ _ _ _ _ _ _ _ _ _ _ _ _ _ _ _ _ _ _ _ _ _ _ _ _ _ _ _ _ _ _ _ _ _ \npom/pages/home_page.py:239: in check_carousel_premium_ads\n    self.page.check_carousel_items(carousel_items_xpath=HomePageLocators.CAROUSEL_PREMIUM_ADS_LINKS)\npom/models/page.py:497: in check_carousel_items\n    carousel_items.should().not_be_empty()\n_ _ _ _ _ _ _ _ _ _ _ _ _ _ _ _ _ _ _ _ _ _ _ _ _ _ _ _ _ _ _ _ _ _ _ _ _ _ _ _ \n\nself = <pom.models.elements_should.ElementsShould object at 0x7f190bc1d9c0>\n\n    def not_be_empty(self) -> ElementsInterface:\n        \"\"\"An expectation that the list has at least one element\"\"\"\n        from pom.models.elements import Elements\n    \n        logger.info(\"Elements.should().not_be_empty()\")\n    \n        try:\n            if not self._elements.is_empty():\n                return self._elements\n    \n            locator = self._elements.locator\n            value = self._wait.until(lambda driver: driver.find_elements(*locator))\n        except TimeoutException:\n            value = False\n    \n        if isinstance(value, list):\n            return Elements(self._page, value, self._elements.locator)\n    \n>       raise AssertionError(\"List of elements was empty\")\nE       AssertionError: List of elements was empty\n\npom/models/elements_should.py:67: AssertionError","steps":[{"name":"Opening the url \"https://next.4zida.rs\"","time":{"start":1709492641304,"stop":1709492644735,"duration":3431},"status":"passed","steps":[],"attachments":[],"parameters":[],"shouldDisplayMessage":false,"stepsCount":0,"attachmentsCount":0,"hasContent":false},{"name":"Check \"Premijum oglasi\" Carousel Items","time":{"start":1709492644736,"stop":1709492650877,"duration":6141},"status":"failed","statusMessage":"AssertionError: List of elements was empty\n","statusTrace":"  File \"/usr/local/lib/python3.10/site-packages/allure_commons/_allure.py\", line 192, in impl\n    return func(*a, **kw)\n  File \"/code/pom/pages/home_page.py\", line 239, in check_carousel_premium_ads\n    self.page.check_carousel_items(carousel_items_xpath=HomePageLocators.CAROUSEL_PREMIUM_ADS_LINKS)\n  File \"/code/pom/models/page.py\", line 497, in check_carousel_items\n    carousel_items.should().not_be_empty()\n  File \"/code/pom/models/elements_should.py\", line 67, in not_be_empty\n    raise AssertionError(\"List of elements was empty\")\n","steps":[{"name":"Checking that component \"Carousel 'Premijum oglasi'\" is visible","time":{"start":1709492644736,"stop":1709492644768,"duration":32},"status":"passed","steps":[{"name":"Getting component with the name \"Carousel 'Premijum oglasi'\" and the locator \"//div[@test-data=\"premium-ads\"]\"","time":{"start":1709492644736,"stop":1709492644748,"duration":12},"status":"passed","steps":[],"attachments":[],"parameters":[],"shouldDisplayMessage":false,"stepsCount":0,"attachmentsCount":0,"hasContent":false}],"attachments":[],"parameters":[],"shouldDisplayMessage":false,"stepsCount":1,"attachmentsCount":0,"hasContent":true}],"attachments":[],"parameters":[],"shouldDisplayMessage":true,"stepsCount":2,"attachmentsCount":0,"hasContent":true}],"attachments":[{"uid":"c7883291c57614a6","name":"log","source":"c7883291c57614a6.txt","type":"text/plain","size":2399}],"parameters":[],"shouldDisplayMessage":true,"stepsCount":4,"attachmentsCount":1,"hasContent":true},"afterStages":[{"name":"page::0","time":{"start":1709492650890,"stop":1709492651055,"duration":165},"status":"passed","steps":[],"attachments":[{"uid":"2fba52be2a4d3d64","name":"test_carousel_premium_ads","source":"2fba52be2a4d3d64.png","type":"image/png","size":244034}],"parameters":[],"shouldDisplayMessage":false,"stepsCount":0,"attachmentsCount":1,"hasContent":true}],"labels":[{"name":"as_id","value":"8"},{"name":"severity","value":"critical"},{"name":"suite","value":"UI Functional Tests"},{"name":"tag","value":"order(1)"},{"name":"tag","value":"chrome_mobile"},{"name":"tag","value":"ui"},{"name":"parentSuite","value":"tests"},{"name":"subSuite","value":"TestUIHomePage"},{"name":"host","value":"a066f332f6f7"},{"name":"thread","value":"1-MainThread"},{"name":"framework","value":"pytest"},{"name":"language","value":"cpython3"},{"name":"package","value":"tests.test_ui_home_page"},{"name":"resultFormat","value":"allure2"}],"parameters":[],"links":[],"hidden":false,"retry":false,"extra":{"severity":"critical","retries":[{"uid":"832e2861a8715ee","status":"failed","statusDetails":"AssertionError: List of elements was empty","time":{"start":1709492631031,"stop":1709492640726,"duration":9695}}],"categories":[{"name":"Product defects","matchedStatuses":[],"flaky":false}],"history":{"statistic":{"failed":2,"broken":0,"skipped":0,"passed":0,"unknown":0,"total":2},"items":[{"uid":"73dacc89794788a7","reportUrl":"https://valeryia-lukyanava.github.io/automated-testing-project-4zida/131//#testresult/73dacc89794788a7","status":"failed","statusDetails":"AssertionError: List of elements was empty","time":{"start":1709490756009,"stop":1709490764831,"duration":8822}}]},"tags":["order(1)","ui","chrome_mobile"]},"source":"8376cff4de76ac51.json","parameterValues":[]}