{"uid":"a70378f9f3089cef","name":"Check Menu Navigation: \"Novogradnja\"","fullName":"tests.test_ui_navigation_menu.TestUINavigationMenu#test_navigation_menu_new","historyId":"ab535e10a113c5e09c9f227ebc73e21c","time":{"start":1709392378230,"stop":1709392709381,"duration":331151},"status":"broken","statusMessage":"selenium.common.exceptions.WebDriverException: Message: unknown error: net::ERR_CONNECTION_TIMED_OUT\n  (Session info: chrome=122.0.6261.69)\nStacktrace:\n#0 0x55ac5b313793 <unknown>\n#1 0x55ac5b0071c6 <unknown>\n#2 0x55ac5afff1e3 <unknown>\n#3 0x55ac5afef1cb <unknown>\n#4 0x55ac5aff0625 <unknown>\n#5 0x55ac5afef4e5 <unknown>\n#6 0x55ac5afee3e9 <unknown>\n#7 0x55ac5afee274 <unknown>\n#8 0x55ac5afeccf4 <unknown>\n#9 0x55ac5afed28a <unknown>\n#10 0x55ac5b00997e <unknown>\n#11 0x55ac5b093985 <unknown>\n#12 0x55ac5b0743d2 <unknown>\n#13 0x55ac5b092dd9 <unknown>\n#14 0x55ac5b074173 <unknown>\n#15 0x55ac5b0452d3 <unknown>\n#16 0x55ac5b045c9e <unknown>\n#17 0x55ac5b2d78cb <unknown>\n#18 0x55ac5b2db745 <unknown>\n#19 0x55ac5b2c42e1 <unknown>\n#20 0x55ac5b2dc2d2 <unknown>\n#21 0x55ac5b2a817f <unknown>\n#22 0x55ac5b301dc8 <unknown>\n#23 0x55ac5b301fc3 <unknown>\n#24 0x55ac5b312944 <unknown>\n#25 0x7f6675661ac3 <unknown>","statusTrace":"self = <test_ui_navigation_menu.TestUINavigationMenu object at 0x7fc827580ee0>\nhome_page = <pom.pages.home_page.HomePage object at 0x7fc827372c80>, index = 24\nsub_menu = 'Vodi훾 za stambeni kredit'\nexpected_url = 'https://next.4zida.rs/blog/sta-mi-je-potrebno-za-stambeni-kredit'\n\n    @allure.id('3')\n    @allure.sub_suite('Menu Navigation: \"Novogradnja\"')\n    @allure.title('Check Menu Navigation: \"Novogradnja\"')\n    @pytest.mark.parametrize(\"index,sub_menu,expected_url\", NavigationSubMenu.SUB_MENU_NEW)\n    def test_navigation_menu_new(self, home_page: HomePage, index: int, sub_menu: str, expected_url: str):\n>       home_page.visit()\n\ntests/test_ui_navigation_menu.py:36: \n_ _ _ _ _ _ _ _ _ _ _ _ _ _ _ _ _ _ _ _ _ _ _ _ _ _ _ _ _ _ _ _ _ _ _ _ _ _ _ _ \npom/pages/base_page.py:17: in visit\n    self.page.get(url, url_suffix)\npom/models/page.py:73: in get\n    self.get_page_by_url(url, url_suffix)\npom/models/page.py:109: in get_page_by_url\n    self.webdriver.get(f\"{normalized_url}{url_suffix}\")\n/usr/local/lib/python3.10/site-packages/selenium/webdriver/remote/webdriver.py:449: in get\n    self.execute(Command.GET, {\"url\": url})\n/usr/local/lib/python3.10/site-packages/selenium/webdriver/remote/webdriver.py:440: in execute\n    self.error_handler.check_response(response)\n_ _ _ _ _ _ _ _ _ _ _ _ _ _ _ _ _ _ _ _ _ _ _ _ _ _ _ _ _ _ _ _ _ _ _ _ _ _ _ _ \n\nself = <selenium.webdriver.remote.errorhandler.ErrorHandler object at 0x7fc8273736a0>\nresponse = {'status': 500, 'value': '{\"value\":{\"error\":\"unknown error\",\"message\":\"unknown error: net::ERR_CONNECTION_TIMED_OUT\\\\n...\\\\n#23 0x55ac5b301fc3 \\\\u003Cunknown>\\\\n#24 0x55ac5b312944 \\\\u003Cunknown>\\\\n#25 0x7f6675661ac3 \\\\u003Cunknown>\\\\n\"}}'}\n\n    def check_response(self, response: Dict[str, Any]) -> None:\n        \"\"\"Checks that a JSON response from the WebDriver does not have an\n        error.\n    \n        :Args:\n         - response - The JSON response from the WebDriver server as a dictionary\n           object.\n    \n        :Raises: If the response contains an error message.\n        \"\"\"\n        status = response.get(\"status\", None)\n        if not status or status == ErrorCode.SUCCESS:\n            return\n        value = None\n        message = response.get(\"message\", \"\")\n        screen: str = response.get(\"screen\", \"\")\n        stacktrace = None\n        if isinstance(status, int):\n            value_json = response.get(\"value\", None)\n            if value_json and isinstance(value_json, str):\n                import json\n    \n                try:\n                    value = json.loads(value_json)\n                    if len(value.keys()) == 1:\n                        value = value[\"value\"]\n                    status = value.get(\"error\", None)\n                    if not status:\n                        status = value.get(\"status\", ErrorCode.UNKNOWN_ERROR)\n                        message = value.get(\"value\") or value.get(\"message\")\n                        if not isinstance(message, str):\n                            value = message\n                            message = message.get(\"message\")\n                    else:\n                        message = value.get(\"message\", None)\n                except ValueError:\n                    pass\n    \n        exception_class: Type[WebDriverException]\n        if status in ErrorCode.NO_SUCH_ELEMENT:\n            exception_class = NoSuchElementException\n        elif status in ErrorCode.NO_SUCH_FRAME:\n            exception_class = NoSuchFrameException\n        elif status in ErrorCode.NO_SUCH_SHADOW_ROOT:\n            exception_class = NoSuchShadowRootException\n        elif status in ErrorCode.NO_SUCH_WINDOW:\n            exception_class = NoSuchWindowException\n        elif status in ErrorCode.STALE_ELEMENT_REFERENCE:\n            exception_class = StaleElementReferenceException\n        elif status in ErrorCode.ELEMENT_NOT_VISIBLE:\n            exception_class = ElementNotVisibleException\n        elif status in ErrorCode.INVALID_ELEMENT_STATE:\n            exception_class = InvalidElementStateException\n        elif (\n            status in ErrorCode.INVALID_SELECTOR\n            or status in ErrorCode.INVALID_XPATH_SELECTOR\n            or status in ErrorCode.INVALID_XPATH_SELECTOR_RETURN_TYPER\n        ):\n            exception_class = InvalidSelectorException\n        elif status in ErrorCode.ELEMENT_IS_NOT_SELECTABLE:\n            exception_class = ElementNotSelectableException\n        elif status in ErrorCode.ELEMENT_NOT_INTERACTABLE:\n            exception_class = ElementNotInteractableException\n        elif status in ErrorCode.INVALID_COOKIE_DOMAIN:\n            exception_class = InvalidCookieDomainException\n        elif status in ErrorCode.UNABLE_TO_SET_COOKIE:\n            exception_class = UnableToSetCookieException\n        elif status in ErrorCode.TIMEOUT:\n            exception_class = TimeoutException\n        elif status in ErrorCode.SCRIPT_TIMEOUT:\n            exception_class = TimeoutException\n        elif status in ErrorCode.UNKNOWN_ERROR:\n            exception_class = WebDriverException\n        elif status in ErrorCode.UNEXPECTED_ALERT_OPEN:\n            exception_class = UnexpectedAlertPresentException\n        elif status in ErrorCode.NO_ALERT_OPEN:\n            exception_class = NoAlertPresentException\n        elif status in ErrorCode.IME_NOT_AVAILABLE:\n            exception_class = ImeNotAvailableException\n        elif status in ErrorCode.IME_ENGINE_ACTIVATION_FAILED:\n            exception_class = ImeActivationFailedException\n        elif status in ErrorCode.MOVE_TARGET_OUT_OF_BOUNDS:\n            exception_class = MoveTargetOutOfBoundsException\n        elif status in ErrorCode.JAVASCRIPT_ERROR:\n            exception_class = JavascriptException\n        elif status in ErrorCode.SESSION_NOT_CREATED:\n            exception_class = SessionNotCreatedException\n        elif status in ErrorCode.INVALID_ARGUMENT:\n            exception_class = InvalidArgumentException\n        elif status in ErrorCode.NO_SUCH_COOKIE:\n            exception_class = NoSuchCookieException\n        elif status in ErrorCode.UNABLE_TO_CAPTURE_SCREEN:\n            exception_class = ScreenshotException\n        elif status in ErrorCode.ELEMENT_CLICK_INTERCEPTED:\n            exception_class = ElementClickInterceptedException\n        elif status in ErrorCode.INSECURE_CERTIFICATE:\n            exception_class = InsecureCertificateException\n        elif status in ErrorCode.INVALID_COORDINATES:\n            exception_class = InvalidCoordinatesException\n        elif status in ErrorCode.INVALID_SESSION_ID:\n            exception_class = InvalidSessionIdException\n        elif status in ErrorCode.UNKNOWN_METHOD:\n            exception_class = UnknownMethodException\n        else:\n            exception_class = WebDriverException\n        if not value:\n            value = response[\"value\"]\n        if isinstance(value, str):\n            raise exception_class(value)\n        if message == \"\" and \"message\" in value:\n            message = value[\"message\"]\n    \n        screen = None  # type: ignore[assignment]\n        if \"screen\" in value:\n            screen = value[\"screen\"]\n    \n        stacktrace = None\n        st_value = value.get(\"stackTrace\") or value.get(\"stacktrace\")\n        if st_value:\n            if isinstance(st_value, str):\n                stacktrace = st_value.split(\"\\n\")\n            else:\n                stacktrace = []\n                try:\n                    for frame in st_value:\n                        line = frame.get(\"lineNumber\", \"\")\n                        file = frame.get(\"fileName\", \"<anonymous>\")\n                        if line:\n                            file = f\"{file}:{line}\"\n                        meth = frame.get(\"methodName\", \"<anonymous>\")\n                        if \"className\" in frame:\n                            meth = f\"{frame['className']}.{meth}\"\n                        msg = \"    at %s (%s)\"\n                        msg = msg % (meth, file)\n                        stacktrace.append(msg)\n                except TypeError:\n                    pass\n        if exception_class == UnexpectedAlertPresentException:\n            alert_text = None\n            if \"data\" in value:\n                alert_text = value[\"data\"].get(\"text\")\n            elif \"alert\" in value:\n                alert_text = value[\"alert\"].get(\"text\")\n            raise exception_class(message, screen, stacktrace, alert_text)  # type: ignore[call-arg]  # mypy is not smart enough here\n>       raise exception_class(message, screen, stacktrace)\nE       selenium.common.exceptions.WebDriverException: Message: unknown error: net::ERR_CONNECTION_TIMED_OUT\nE         (Session info: chrome=122.0.6261.69)\nE       Stacktrace:\nE       #0 0x55ac5b313793 <unknown>\nE       #1 0x55ac5b0071c6 <unknown>\nE       #2 0x55ac5afff1e3 <unknown>\nE       #3 0x55ac5afef1cb <unknown>\nE       #4 0x55ac5aff0625 <unknown>\nE       #5 0x55ac5afef4e5 <unknown>\nE       #6 0x55ac5afee3e9 <unknown>\nE       #7 0x55ac5afee274 <unknown>\nE       #8 0x55ac5afeccf4 <unknown>\nE       #9 0x55ac5afed28a <unknown>\nE       #10 0x55ac5b00997e <unknown>\nE       #11 0x55ac5b093985 <unknown>\nE       #12 0x55ac5b0743d2 <unknown>\nE       #13 0x55ac5b092dd9 <unknown>\nE       #14 0x55ac5b074173 <unknown>\nE       #15 0x55ac5b0452d3 <unknown>\nE       #16 0x55ac5b045c9e <unknown>\nE       #17 0x55ac5b2d78cb <unknown>\nE       #18 0x55ac5b2db745 <unknown>\nE       #19 0x55ac5b2c42e1 <unknown>\nE       #20 0x55ac5b2dc2d2 <unknown>\nE       #21 0x55ac5b2a817f <unknown>\nE       #22 0x55ac5b301dc8 <unknown>\nE       #23 0x55ac5b301fc3 <unknown>\nE       #24 0x55ac5b312944 <unknown>\nE       #25 0x7f6675661ac3 <unknown>\n\n/usr/local/lib/python3.10/site-packages/selenium/webdriver/remote/errorhandler.py:245: WebDriverException","flaky":false,"newFailed":false,"newBroken":true,"newPassed":false,"retriesCount":0,"retriesStatusChange":false,"beforeStages":[{"name":"ui_config","time":{"start":1709391407954,"stop":1709391407955,"duration":1},"status":"passed","steps":[],"attachments":[],"parameters":[],"shouldDisplayMessage":false,"stepsCount":0,"attachmentsCount":0,"hasContent":false},{"name":"page","time":{"start":1709392377791,"stop":1709392378229,"duration":438},"status":"passed","steps":[],"attachments":[],"parameters":[],"shouldDisplayMessage":false,"stepsCount":0,"attachmentsCount":0,"hasContent":false},{"name":"home_page","time":{"start":1709392378229,"stop":1709392378229,"duration":0},"status":"passed","steps":[],"attachments":[],"parameters":[],"shouldDisplayMessage":false,"stepsCount":0,"attachmentsCount":0,"hasContent":false}],"testStage":{"status":"broken","statusMessage":"selenium.common.exceptions.WebDriverException: Message: unknown error: net::ERR_CONNECTION_TIMED_OUT\n  (Session info: chrome=122.0.6261.69)\nStacktrace:\n#0 0x55ac5b313793 <unknown>\n#1 0x55ac5b0071c6 <unknown>\n#2 0x55ac5afff1e3 <unknown>\n#3 0x55ac5afef1cb <unknown>\n#4 0x55ac5aff0625 <unknown>\n#5 0x55ac5afef4e5 <unknown>\n#6 0x55ac5afee3e9 <unknown>\n#7 0x55ac5afee274 <unknown>\n#8 0x55ac5afeccf4 <unknown>\n#9 0x55ac5afed28a <unknown>\n#10 0x55ac5b00997e <unknown>\n#11 0x55ac5b093985 <unknown>\n#12 0x55ac5b0743d2 <unknown>\n#13 0x55ac5b092dd9 <unknown>\n#14 0x55ac5b074173 <unknown>\n#15 0x55ac5b0452d3 <unknown>\n#16 0x55ac5b045c9e <unknown>\n#17 0x55ac5b2d78cb <unknown>\n#18 0x55ac5b2db745 <unknown>\n#19 0x55ac5b2c42e1 <unknown>\n#20 0x55ac5b2dc2d2 <unknown>\n#21 0x55ac5b2a817f <unknown>\n#22 0x55ac5b301dc8 <unknown>\n#23 0x55ac5b301fc3 <unknown>\n#24 0x55ac5b312944 <unknown>\n#25 0x7f6675661ac3 <unknown>","statusTrace":"self = <test_ui_navigation_menu.TestUINavigationMenu object at 0x7fc827580ee0>\nhome_page = <pom.pages.home_page.HomePage object at 0x7fc827372c80>, index = 24\nsub_menu = 'Vodi훾 za stambeni kredit'\nexpected_url = 'https://next.4zida.rs/blog/sta-mi-je-potrebno-za-stambeni-kredit'\n\n    @allure.id('3')\n    @allure.sub_suite('Menu Navigation: \"Novogradnja\"')\n    @allure.title('Check Menu Navigation: \"Novogradnja\"')\n    @pytest.mark.parametrize(\"index,sub_menu,expected_url\", NavigationSubMenu.SUB_MENU_NEW)\n    def test_navigation_menu_new(self, home_page: HomePage, index: int, sub_menu: str, expected_url: str):\n>       home_page.visit()\n\ntests/test_ui_navigation_menu.py:36: \n_ _ _ _ _ _ _ _ _ _ _ _ _ _ _ _ _ _ _ _ _ _ _ _ _ _ _ _ _ _ _ _ _ _ _ _ _ _ _ _ \npom/pages/base_page.py:17: in visit\n    self.page.get(url, url_suffix)\npom/models/page.py:73: in get\n    self.get_page_by_url(url, url_suffix)\npom/models/page.py:109: in get_page_by_url\n    self.webdriver.get(f\"{normalized_url}{url_suffix}\")\n/usr/local/lib/python3.10/site-packages/selenium/webdriver/remote/webdriver.py:449: in get\n    self.execute(Command.GET, {\"url\": url})\n/usr/local/lib/python3.10/site-packages/selenium/webdriver/remote/webdriver.py:440: in execute\n    self.error_handler.check_response(response)\n_ _ _ _ _ _ _ _ _ _ _ _ _ _ _ _ _ _ _ _ _ _ _ _ _ _ _ _ _ _ _ _ _ _ _ _ _ _ _ _ \n\nself = <selenium.webdriver.remote.errorhandler.ErrorHandler object at 0x7fc8273736a0>\nresponse = {'status': 500, 'value': '{\"value\":{\"error\":\"unknown error\",\"message\":\"unknown error: net::ERR_CONNECTION_TIMED_OUT\\\\n...\\\\n#23 0x55ac5b301fc3 \\\\u003Cunknown>\\\\n#24 0x55ac5b312944 \\\\u003Cunknown>\\\\n#25 0x7f6675661ac3 \\\\u003Cunknown>\\\\n\"}}'}\n\n    def check_response(self, response: Dict[str, Any]) -> None:\n        \"\"\"Checks that a JSON response from the WebDriver does not have an\n        error.\n    \n        :Args:\n         - response - The JSON response from the WebDriver server as a dictionary\n           object.\n    \n        :Raises: If the response contains an error message.\n        \"\"\"\n        status = response.get(\"status\", None)\n        if not status or status == ErrorCode.SUCCESS:\n            return\n        value = None\n        message = response.get(\"message\", \"\")\n        screen: str = response.get(\"screen\", \"\")\n        stacktrace = None\n        if isinstance(status, int):\n            value_json = response.get(\"value\", None)\n            if value_json and isinstance(value_json, str):\n                import json\n    \n                try:\n                    value = json.loads(value_json)\n                    if len(value.keys()) == 1:\n                        value = value[\"value\"]\n                    status = value.get(\"error\", None)\n                    if not status:\n                        status = value.get(\"status\", ErrorCode.UNKNOWN_ERROR)\n                        message = value.get(\"value\") or value.get(\"message\")\n                        if not isinstance(message, str):\n                            value = message\n                            message = message.get(\"message\")\n                    else:\n                        message = value.get(\"message\", None)\n                except ValueError:\n                    pass\n    \n        exception_class: Type[WebDriverException]\n        if status in ErrorCode.NO_SUCH_ELEMENT:\n            exception_class = NoSuchElementException\n        elif status in ErrorCode.NO_SUCH_FRAME:\n            exception_class = NoSuchFrameException\n        elif status in ErrorCode.NO_SUCH_SHADOW_ROOT:\n            exception_class = NoSuchShadowRootException\n        elif status in ErrorCode.NO_SUCH_WINDOW:\n            exception_class = NoSuchWindowException\n        elif status in ErrorCode.STALE_ELEMENT_REFERENCE:\n            exception_class = StaleElementReferenceException\n        elif status in ErrorCode.ELEMENT_NOT_VISIBLE:\n            exception_class = ElementNotVisibleException\n        elif status in ErrorCode.INVALID_ELEMENT_STATE:\n            exception_class = InvalidElementStateException\n        elif (\n            status in ErrorCode.INVALID_SELECTOR\n            or status in ErrorCode.INVALID_XPATH_SELECTOR\n            or status in ErrorCode.INVALID_XPATH_SELECTOR_RETURN_TYPER\n        ):\n            exception_class = InvalidSelectorException\n        elif status in ErrorCode.ELEMENT_IS_NOT_SELECTABLE:\n            exception_class = ElementNotSelectableException\n        elif status in ErrorCode.ELEMENT_NOT_INTERACTABLE:\n            exception_class = ElementNotInteractableException\n        elif status in ErrorCode.INVALID_COOKIE_DOMAIN:\n            exception_class = InvalidCookieDomainException\n        elif status in ErrorCode.UNABLE_TO_SET_COOKIE:\n            exception_class = UnableToSetCookieException\n        elif status in ErrorCode.TIMEOUT:\n            exception_class = TimeoutException\n        elif status in ErrorCode.SCRIPT_TIMEOUT:\n            exception_class = TimeoutException\n        elif status in ErrorCode.UNKNOWN_ERROR:\n            exception_class = WebDriverException\n        elif status in ErrorCode.UNEXPECTED_ALERT_OPEN:\n            exception_class = UnexpectedAlertPresentException\n        elif status in ErrorCode.NO_ALERT_OPEN:\n            exception_class = NoAlertPresentException\n        elif status in ErrorCode.IME_NOT_AVAILABLE:\n            exception_class = ImeNotAvailableException\n        elif status in ErrorCode.IME_ENGINE_ACTIVATION_FAILED:\n            exception_class = ImeActivationFailedException\n        elif status in ErrorCode.MOVE_TARGET_OUT_OF_BOUNDS:\n            exception_class = MoveTargetOutOfBoundsException\n        elif status in ErrorCode.JAVASCRIPT_ERROR:\n            exception_class = JavascriptException\n        elif status in ErrorCode.SESSION_NOT_CREATED:\n            exception_class = SessionNotCreatedException\n        elif status in ErrorCode.INVALID_ARGUMENT:\n            exception_class = InvalidArgumentException\n        elif status in ErrorCode.NO_SUCH_COOKIE:\n            exception_class = NoSuchCookieException\n        elif status in ErrorCode.UNABLE_TO_CAPTURE_SCREEN:\n            exception_class = ScreenshotException\n        elif status in ErrorCode.ELEMENT_CLICK_INTERCEPTED:\n            exception_class = ElementClickInterceptedException\n        elif status in ErrorCode.INSECURE_CERTIFICATE:\n            exception_class = InsecureCertificateException\n        elif status in ErrorCode.INVALID_COORDINATES:\n            exception_class = InvalidCoordinatesException\n        elif status in ErrorCode.INVALID_SESSION_ID:\n            exception_class = InvalidSessionIdException\n        elif status in ErrorCode.UNKNOWN_METHOD:\n            exception_class = UnknownMethodException\n        else:\n            exception_class = WebDriverException\n        if not value:\n            value = response[\"value\"]\n        if isinstance(value, str):\n            raise exception_class(value)\n        if message == \"\" and \"message\" in value:\n            message = value[\"message\"]\n    \n        screen = None  # type: ignore[assignment]\n        if \"screen\" in value:\n            screen = value[\"screen\"]\n    \n        stacktrace = None\n        st_value = value.get(\"stackTrace\") or value.get(\"stacktrace\")\n        if st_value:\n            if isinstance(st_value, str):\n                stacktrace = st_value.split(\"\\n\")\n            else:\n                stacktrace = []\n                try:\n                    for frame in st_value:\n                        line = frame.get(\"lineNumber\", \"\")\n                        file = frame.get(\"fileName\", \"<anonymous>\")\n                        if line:\n                            file = f\"{file}:{line}\"\n                        meth = frame.get(\"methodName\", \"<anonymous>\")\n                        if \"className\" in frame:\n                            meth = f\"{frame['className']}.{meth}\"\n                        msg = \"    at %s (%s)\"\n                        msg = msg % (meth, file)\n                        stacktrace.append(msg)\n                except TypeError:\n                    pass\n        if exception_class == UnexpectedAlertPresentException:\n            alert_text = None\n            if \"data\" in value:\n                alert_text = value[\"data\"].get(\"text\")\n            elif \"alert\" in value:\n                alert_text = value[\"alert\"].get(\"text\")\n            raise exception_class(message, screen, stacktrace, alert_text)  # type: ignore[call-arg]  # mypy is not smart enough here\n>       raise exception_class(message, screen, stacktrace)\nE       selenium.common.exceptions.WebDriverException: Message: unknown error: net::ERR_CONNECTION_TIMED_OUT\nE         (Session info: chrome=122.0.6261.69)\nE       Stacktrace:\nE       #0 0x55ac5b313793 <unknown>\nE       #1 0x55ac5b0071c6 <unknown>\nE       #2 0x55ac5afff1e3 <unknown>\nE       #3 0x55ac5afef1cb <unknown>\nE       #4 0x55ac5aff0625 <unknown>\nE       #5 0x55ac5afef4e5 <unknown>\nE       #6 0x55ac5afee3e9 <unknown>\nE       #7 0x55ac5afee274 <unknown>\nE       #8 0x55ac5afeccf4 <unknown>\nE       #9 0x55ac5afed28a <unknown>\nE       #10 0x55ac5b00997e <unknown>\nE       #11 0x55ac5b093985 <unknown>\nE       #12 0x55ac5b0743d2 <unknown>\nE       #13 0x55ac5b092dd9 <unknown>\nE       #14 0x55ac5b074173 <unknown>\nE       #15 0x55ac5b0452d3 <unknown>\nE       #16 0x55ac5b045c9e <unknown>\nE       #17 0x55ac5b2d78cb <unknown>\nE       #18 0x55ac5b2db745 <unknown>\nE       #19 0x55ac5b2c42e1 <unknown>\nE       #20 0x55ac5b2dc2d2 <unknown>\nE       #21 0x55ac5b2a817f <unknown>\nE       #22 0x55ac5b301dc8 <unknown>\nE       #23 0x55ac5b301fc3 <unknown>\nE       #24 0x55ac5b312944 <unknown>\nE       #25 0x7f6675661ac3 <unknown>\n\n/usr/local/lib/python3.10/site-packages/selenium/webdriver/remote/errorhandler.py:245: WebDriverException","steps":[{"name":"Opening the url \"https://next.4zida.rs\"","time":{"start":1709392378230,"stop":1709392709381,"duration":331151},"status":"broken","statusMessage":"selenium.common.exceptions.WebDriverException: Message: unknown error: net::ERR_CONNECTION_TIMED_OUT\n  (Session info: chrome=122.0.6261.69)\nStacktrace:\n#0 0x55ac5b313793 <unknown>\n#1 0x55ac5b0071c6 <unknown>\n#2 0x55ac5afff1e3 <unknown>\n#3 0x55ac5afef1cb <unknown>\n#4 0x55ac5aff0625 <unknown>\n#5 0x55ac5afef4e5 <unknown>\n#6 0x55ac5afee3e9 <unknown>\n#7 0x55ac5afee274 <unknown>\n#8 0x55ac5afeccf4 <unknown>\n#9 0x55ac5afed28a <unknown>\n#10 0x55ac5b00997e <unknown>\n#11 0x55ac5b093985 <unknown>\n#12 0x55ac5b0743d2 <unknown>\n#13 0x55ac5b092dd9 <unknown>\n#14 0x55ac5b074173 <unknown>\n#15 0x55ac5b0452d3 <unknown>\n#16 0x55ac5b045c9e <unknown>\n#17 0x55ac5b2d78cb <unknown>\n#18 0x55ac5b2db745 <unknown>\n#19 0x55ac5b2c42e1 <unknown>\n#20 0x55ac5b2dc2d2 <unknown>\n#21 0x55ac5b2a817f <unknown>\n#22 0x55ac5b301dc8 <unknown>\n#23 0x55ac5b301fc3 <unknown>\n#24 0x55ac5b312944 <unknown>\n#25 0x7f6675661ac3 <unknown>\n\n","statusTrace":"  File \"/code/pom/pages/base_page.py\", line 17, in visit\n    self.page.get(url, url_suffix)\n  File \"/code/pom/models/page.py\", line 73, in get\n    self.get_page_by_url(url, url_suffix)\n  File \"/code/pom/models/page.py\", line 109, in get_page_by_url\n    self.webdriver.get(f\"{normalized_url}{url_suffix}\")\n  File \"/usr/local/lib/python3.10/site-packages/selenium/webdriver/remote/webdriver.py\", line 449, in get\n    self.execute(Command.GET, {\"url\": url})\n  File \"/usr/local/lib/python3.10/site-packages/selenium/webdriver/remote/webdriver.py\", line 440, in execute\n    self.error_handler.check_response(response)\n  File \"/usr/local/lib/python3.10/site-packages/selenium/webdriver/remote/errorhandler.py\", line 245, in check_response\n    raise exception_class(message, screen, stacktrace)\n","steps":[],"attachments":[],"parameters":[],"shouldDisplayMessage":true,"stepsCount":0,"attachmentsCount":0,"hasContent":true}],"attachments":[{"uid":"8c82da808f07fc55","name":"log","source":"8c82da808f07fc55.txt","type":"text/plain","size":609}],"parameters":[],"shouldDisplayMessage":true,"stepsCount":1,"attachmentsCount":1,"hasContent":true},"afterStages":[{"name":"page::0","time":{"start":1709392709412,"stop":1709392709568,"duration":156},"status":"passed","steps":[],"attachments":[{"uid":"2ccf23a67ab9d8cc","name":"test_navigation_menu_new[24]","source":"2ccf23a67ab9d8cc.png","type":"image/png","size":25958}],"parameters":[],"shouldDisplayMessage":false,"stepsCount":0,"attachmentsCount":1,"hasContent":true}],"labels":[{"name":"as_id","value":"3"},{"name":"severity","value":"critical"},{"name":"suite","value":"UI Functional Tests"},{"name":"subSuite","value":"Menu Navigation: \"Novogradnja\""},{"name":"tag","value":"chrome_mobile"},{"name":"tag","value":"ui"},{"name":"parentSuite","value":"tests"},{"name":"host","value":"f1c85ae1da48"},{"name":"thread","value":"1-MainThread"},{"name":"framework","value":"pytest"},{"name":"language","value":"cpython3"},{"name":"package","value":"tests.test_ui_navigation_menu"},{"name":"resultFormat","value":"allure2"}],"parameters":[{"name":"expected_url","value":"'https://next.4zida.rs/blog/sta-mi-je-potrebno-za-stambeni-kredit'"},{"name":"index","value":"24"},{"name":"sub_menu","value":"'Vodi훾 za stambeni kredit'"}],"links":[],"hidden":false,"retry":false,"extra":{"severity":"critical","retries":[],"categories":[{"name":"Test defects","matchedStatuses":[],"flaky":false}],"history":{"statistic":{"failed":3,"broken":1,"skipped":0,"passed":0,"unknown":0,"total":4},"items":[{"uid":"bc2b3c36cdc6250f","reportUrl":"https://valeryia-lukyanava.github.io/automated-testing-project-4zida/124//#testresult/bc2b3c36cdc6250f","status":"failed","statusDetails":"AssertionError: Expected status code should be < 400. Actual status code: 404","time":{"start":1709390828454,"stop":1709390836404,"duration":7950}},{"uid":"960ed88b4872f40a","reportUrl":"https://valeryia-lukyanava.github.io/automated-testing-project-4zida/122//#testresult/960ed88b4872f40a","status":"failed","statusDetails":"AssertionError: Expected status code should be < 400. Actual status code: 404","time":{"start":1709365140245,"stop":1709365145810,"duration":5565}},{"uid":"10ca1b467ddfeffb","reportUrl":"https://valeryia-lukyanava.github.io/automated-testing-project-4zida/121//#testresult/10ca1b467ddfeffb","status":"failed","statusDetails":"AssertionError: Expected status code should be < 400. Actual status code: '404'","time":{"start":1709292797241,"stop":1709292803472,"duration":6231}}]},"tags":["ui","chrome_mobile"]},"source":"a70378f9f3089cef.json","parameterValues":["'https://next.4zida.rs/blog/sta-mi-je-potrebno-za-stambeni-kredit'","24","'Vodi훾 za stambeni kredit'"]}